{
  "stats": {
    "suites": 1,
    "tests": 1,
    "passes": 1,
    "pending": 0,
    "failures": 0,
    "start": "2021-10-05T20:42:51.209Z",
    "end": "2021-10-05T20:42:56.087Z",
    "duration": 4878,
    "testsRegistered": 1,
    "passPercent": 100,
    "pendingPercent": 0,
    "other": 0,
    "hasOther": false,
    "skipped": 0,
    "hasSkipped": false
  },
  "results": [
    {
      "uuid": "4204e5ac-ef2b-469e-82a6-7fe1a9a0535f",
      "title": "",
      "fullFile": "cypress/integration/Qa/test.js",
      "file": "cypress/integration/Qa/test.js",
      "beforeHooks": [],
      "afterHooks": [],
      "tests": [],
      "suites": [
        {
          "uuid": "eb21c17b-938b-4344-a2be-f210c6ac47e7",
          "title": "Test Of Pecode Soft Ware",
          "fullFile": "",
          "file": "",
          "beforeHooks": [],
          "afterHooks": [],
          "tests": [
            {
              "title": "Assert Test",
              "fullTitle": "Test Of Pecode Soft Ware Assert Test",
              "timedOut": null,
              "duration": 2691,
              "state": "passed",
              "speed": "slow",
              "pass": true,
              "fail": false,
              "pending": false,
              "context": null,
              "code": "cy.visit(Cypress.env('url'));\nlogin.username().type(Cypress.env('username')).should('be.visible');\nlogin.password().type(Cypress.env('password')).should('be.visible');\nlogin.btnLogin().click().should('be.visible').end();\ncy.contains('No account found with that username.').should('be.visible');",
              "err": {},
              "uuid": "8d97a195-cabb-4086-961f-12774007a9db",
              "parentUUID": "eb21c17b-938b-4344-a2be-f210c6ac47e7",
              "isHook": false,
              "skipped": false
            }
          ],
          "suites": [],
          "passes": [
            "8d97a195-cabb-4086-961f-12774007a9db"
          ],
          "failures": [],
          "pending": [],
          "skipped": [],
          "duration": 2691,
          "root": false,
          "rootEmpty": false,
          "_timeout": 2000
        }
      ],
      "passes": [],
      "failures": [],
      "pending": [],
      "skipped": [],
      "duration": 0,
      "root": true,
      "rootEmpty": true,
      "_timeout": 2000
    }
  ],
  "meta": {
    "mocha": {
      "version": "7.0.1"
    },
    "mochawesome": {
      "options": {
        "quiet": false,
        "reportFilename": "mochawesome",
        "saveHtml": true,
        "saveJson": true,
        "consoleReporter": "spec",
        "useInlineDiffs": false,
        "code": true
      },
      "version": "6.3.0"
    },
    "marge": {
      "options": {
        "id": "default",
        "reportDir": "cypress/reports",
        "charts": true,
        "reportPageTitle": "My Test Suite",
        "embeddedScreenshots": true,
        "inlineAssets": true
      },
      "version": "5.2.0"
    }
  }
}