{
  "stats": {
    "suites": 1,
    "tests": 1,
    "passes": 1,
    "pending": 0,
    "failures": 0,
    "start": "2021-10-05T21:16:44.554Z",
    "end": "2021-10-05T21:16:49.094Z",
    "duration": 4540,
    "testsRegistered": 1,
    "passPercent": 100,
    "pendingPercent": 0,
    "other": 0,
    "hasOther": false,
    "skipped": 0,
    "hasSkipped": false
  },
  "results": [
    {
      "uuid": "8dbeb606-927b-4606-9655-54078b46b67a",
      "title": "",
      "fullFile": "cypress/integration/Qa/test.js",
      "file": "cypress/integration/Qa/test.js",
      "beforeHooks": [],
      "afterHooks": [],
      "tests": [],
      "suites": [
        {
          "uuid": "2d3d6055-5fb8-4c7b-be8b-f6e2f0a51bc7",
          "title": "Test Of Pecode Soft Ware",
          "fullFile": "",
          "file": "",
          "beforeHooks": [],
          "afterHooks": [],
          "tests": [
            {
              "title": "Assert Test",
              "fullTitle": "Test Of Pecode Soft Ware Assert Test",
              "timedOut": null,
              "duration": 2217,
              "state": "passed",
              "speed": "slow",
              "pass": true,
              "fail": false,
              "pending": false,
              "context": null,
              "code": "cy.visit(Cypress.env('url'));\nlogin.username().type(Cypress.env('username')).should('be.visible');\nlogin.password().type(Cypress.env('password')).should('be.visible');\nlogin.btnLogin().click().should('be.visible').end();\ncy.contains('No account found with that username.').should('be.visible');",
              "err": {},
              "uuid": "c498247c-6289-40bc-abcd-de4b13a3da52",
              "parentUUID": "2d3d6055-5fb8-4c7b-be8b-f6e2f0a51bc7",
              "isHook": false,
              "skipped": false
            }
          ],
          "suites": [],
          "passes": [
            "c498247c-6289-40bc-abcd-de4b13a3da52"
          ],
          "failures": [],
          "pending": [],
          "skipped": [],
          "duration": 2217,
          "root": false,
          "rootEmpty": false,
          "_timeout": 2000
        }
      ],
      "passes": [],
      "failures": [],
      "pending": [],
      "skipped": [],
      "duration": 0,
      "root": true,
      "rootEmpty": true,
      "_timeout": 2000
    }
  ],
  "meta": {
    "mocha": {
      "version": "7.0.1"
    },
    "mochawesome": {
      "options": {
        "quiet": false,
        "reportFilename": "mochawesome",
        "saveHtml": true,
        "saveJson": true,
        "consoleReporter": "spec",
        "useInlineDiffs": false,
        "code": true
      },
      "version": "6.3.0"
    },
    "marge": {
      "options": {
        "id": "default",
        "reportDir": "cypress/reports",
        "charts": true,
        "reportPageTitle": "My Test Suite",
        "embeddedScreenshots": true,
        "inlineAssets": true
      },
      "version": "5.2.0"
    }
  }
}